This is pdfTeX, Version 3.141592653-2.6-1.40.29 (MiKTeX 26.2) (preloaded format=pdflatex 2026.3.13)  15 APR 2026 16:26
entering extended mode
 restricted \write18 enabled.
 %&-line parsing enabled.
**./main.tex
(main.tex
LaTeX2e <2025-11-01>
L3 programming layer <2026-01-19>
(C:\Users\keyva\AppData\Local\Programs\MiKTeX\tex/latex/base\article.cls
Document Class: article 2025/01/22 v1.4n Standard LaTeX document class
(C:\Users\keyva\AppData\Local\Programs\MiKTeX\tex/latex/base\size10.clo
File: size10.clo 2025/01/22 v1.4n Standard LaTeX file (size option)
)
\c@part=\count275
\c@section=\count276
\c@subsection=\count277
\c@subsubsection=\count278
\c@paragraph=\count279
\c@subparagraph=\count280
\c@figure=\count281
\c@table=\count282
\abovecaptionskip=\skip49
\belowcaptionskip=\skip50
\bibindent=\dimen148
)
(polytechnique.sty
Package: polytechnique 2022/04/29 v1.3.10, standard scientific documents layout
 for Ecole polytechnique (Palaiseau,France).

(C:\Users\keyva\AppData\Local\Programs\MiKTeX\tex/latex/tools\calc.sty
Package: calc 2025/03/01 v4.3b Infix arithmetic (KKT,FJ)
\calc@Acount=\count283
\calc@Bcount=\count284
\calc@Adimen=\dimen149
\calc@Bdimen=\dimen150
\calc@Askip=\skip51
\calc@Bskip=\skip52
LaTeX Info: Redefining \setlength on input line 86.
LaTeX Info: Redefining \addtolength on input line 87.
\calc@Ccount=\count285
\calc@Cskip=\skip53
)
(C:\Users\keyva\AppData\Local\Programs\MiKTeX\tex/latex/xcolor\xcolor.sty
Package: xcolor 2022/06/12 v2.14 LaTeX color extensions (UK)

(C:\Users\keyva\AppData\Local\Programs\MiKTeX\tex/latex/graphics-cfg\color.cfg
File: color.cfg 2016/01/02 v1.6 sample color configuration
)
Package xcolor Info: Driver file: pdftex.def on input line 227.

(C:\Users\keyva\AppData\Local\Programs\MiKTeX\tex/latex/graphics-def\pdftex.def
File: pdftex.def 2025/09/29 v1.2d Graphics/color driver for pdftex
)
(C:\Users\keyva\AppData\Local\Programs\MiKTeX\tex/latex/graphics\mathcolor.ltx)
Package xcolor Info: Model `cmy' substituted by `cmy0' on input line 1353.
Package xcolor Info: Model `hsb' substituted by `rgb' on input line 1357.
Package xcolor Info: Model `RGB' extended on input line 1369.
Package xcolor Info: Model `HTML' substituted by `rgb' on input line 1371.
Package xcolor Info: Model `Hsb' substituted by `hsb' on input line 1372.
Package xcolor Info: Model `tHsb' substituted by `hsb' on input line 1373.
Package xcolor Info: Model `HSB' substituted by `hsb' on input line 1374.
Package xcolor Info: Model `Gray' substituted by `gray' on input line 1375.
Package xcolor Info: Model `wave' substituted by `hsb' on input line 1376.
) (C:\Users\keyva\AppData\Local\Programs\MiKTeX\tex/latex/geometry\geometry.sty
Package: geometry 2020/01/02 v5.9 Page Geometry
(C:\Users\keyva\AppData\Local\Programs\MiKTeX\tex/latex/graphics\keyval.sty
Package: keyval 2022/05/29 v1.15 key=value parser (DPC)
\KV@toks@=\toks17
)
(C:\Users\keyva\AppData\Local\Programs\MiKTeX\tex/generic/iftex\ifvtex.sty
Package: ifvtex 2019/10/25 v1.7 ifvtex legacy package. Use iftex instead.

(C:\Users\keyva\AppData\Local\Programs\MiKTeX\tex/generic/iftex\iftex.sty
Package: iftex 2022/02/03 v1.0f TeX engine tests
))
\Gm@cnth=\count286
\Gm@cntv=\count287
\c@Gm@tempcnt=\count288
\Gm@bindingoffset=\dimen151
\Gm@wd@mp=\dimen152
\Gm@odd@mp=\dimen153
\Gm@even@mp=\dimen154
\Gm@layoutwidth=\dimen155
\Gm@layoutheight=\dimen156
\Gm@layouthoffset=\dimen157
\Gm@layoutvoffset=\dimen158
\Gm@dimlist=\toks18

(C:\Users\keyva\AppData\Local\Programs\MiKTeX\tex/latex/geometry\geometry.cfg))
(C:\Users\keyva\AppData\Local\Programs\MiKTeX\tex/latex/graphics\graphicx.sty
Package: graphicx 2021/09/16 v1.2d Enhanced LaTeX Graphics (DPC,SPQR)

(C:\Users\keyva\AppData\Local\Programs\MiKTeX\tex/latex/graphics\graphics.sty
Package: graphics 2022/03/10 v1.4e Standard LaTeX Graphics (DPC,SPQR)

(C:\Users\keyva\AppData\Local\Programs\MiKTeX\tex/latex/graphics\trig.sty
Package: trig 2021/08/11 v1.11 sin cos tan (DPC)
)
(C:\Users\keyva\AppData\Local\Programs\MiKTeX\tex/latex/graphics-cfg\graphics.c
fg
File: graphics.cfg 2016/06/04 v1.11 sample graphics configuration
)
Package graphics Info: Driver file: pdftex.def on input line 107.
)
\Gin@req@height=\dimen159
\Gin@req@width=\dimen160
) (C:\Users\keyva\AppData\Local\Programs\MiKTeX\tex/latex/base\ifthen.sty
Package: ifthen 2024/03/16 v1.1e Standard LaTeX ifthen package (DPC)
)
(C:\Users\keyva\AppData\Local\Programs\MiKTeX\tex/generic/iftex\ifpdf.sty
Package: ifpdf 2019/10/25 v3.4 ifpdf legacy package. Use iftex instead.
)
(C:\Users\keyva\AppData\Local\Programs\MiKTeX\tex/latex/lm\lmodern.sty
Package: lmodern 2015/05/01 v1.6.1 Latin Modern Fonts
LaTeX Font Info:    Overwriting symbol font `operators' in version `normal'
(Font)                  OT1/cmr/m/n --> OT1/lmr/m/n on input line 22.
LaTeX Font Info:    Overwriting symbol font `letters' in version `normal'
(Font)                  OML/cmm/m/it --> OML/lmm/m/it on input line 23.
LaTeX Font Info:    Overwriting symbol font `symbols' in version `normal'
(Font)                  OMS/cmsy/m/n --> OMS/lmsy/m/n on input line 24.
LaTeX Font Info:    Overwriting symbol font `largesymbols' in version `normal'
(Font)                  OMX/cmex/m/n --> OMX/lmex/m/n on input line 25.
LaTeX Font Info:    Overwriting symbol font `operators' in version `bold'
(Font)                  OT1/cmr/bx/n --> OT1/lmr/bx/n on input line 26.
LaTeX Font Info:    Overwriting symbol font `letters' in version `bold'
(Font)                  OML/cmm/b/it --> OML/lmm/b/it on input line 27.
LaTeX Font Info:    Overwriting symbol font `symbols' in version `bold'
(Font)                  OMS/cmsy/b/n --> OMS/lmsy/b/n on input line 28.
LaTeX Font Info:    Overwriting symbol font `largesymbols' in version `bold'
(Font)                  OMX/cmex/m/n --> OMX/lmex/m/n on input line 29.
LaTeX Font Info:    Overwriting math alphabet `\mathbf' in version `normal'
(Font)                  OT1/cmr/bx/n --> OT1/lmr/bx/n on input line 31.
LaTeX Font Info:    Overwriting math alphabet `\mathsf' in version `normal'
(Font)                  OT1/cmss/m/n --> OT1/lmss/m/n on input line 32.
LaTeX Font Info:    Overwriting math alphabet `\mathit' in version `normal'
(Font)                  OT1/cmr/m/it --> OT1/lmr/m/it on input line 33.
LaTeX Font Info:    Overwriting math alphabet `\mathtt' in version `normal'
(Font)                  OT1/cmtt/m/n --> OT1/lmtt/m/n on input line 34.
LaTeX Font Info:    Overwriting math alphabet `\mathbf' in version `bold'
(Font)                  OT1/cmr/bx/n --> OT1/lmr/bx/n on input line 35.
LaTeX Font Info:    Overwriting math alphabet `\mathsf' in version `bold'
(Font)                  OT1/cmss/bx/n --> OT1/lmss/bx/n on input line 36.
LaTeX Font Info:    Overwriting math alphabet `\mathit' in version `bold'
(Font)                  OT1/cmr/bx/it --> OT1/lmr/bx/it on input line 37.
LaTeX Font Info:    Overwriting math alphabet `\mathtt' in version `bold'
(Font)                  OT1/cmtt/m/n --> OT1/lmtt/m/n on input line 38.
)
(C:\Users\keyva\AppData\Local\Programs\MiKTeX\tex/latex/titlesec\titlesec.sty
Package: titlesec 2025/01/04 v2.17 Sectioning titles
\ttl@box=\box53
\beforetitleunit=\skip54
\aftertitleunit=\skip55
\ttl@plus=\dimen161
\ttl@minus=\dimen162
\ttl@toksa=\toks19
\titlewidth=\dimen163
\titlewidthlast=\dimen164
\titlewidthfirst=\dimen165

(C:\Users\keyva\AppData\Local\Programs\MiKTeX\tex/latex/titlesec\titleps.sty))
\margehaut=\skip56
\hauteurentete=\skip57
\separationentete=\skip58
\margecote=\skip59
\margecoteinterieur=\skip60
\margecoteexterieur=\skip61
\margebas=\skip62
\separationpied=\skip63
\hauteurlogohori=\skip64
\separationtitre=\skip65
\epaisseurtrait=\skip66
\separationlignestitre=\skip67
\separationtitrecorps=\skip68
\hauteurlogopage=\skip69
\separationentetelogo=\skip70
\largeurfiletpiedcentre=\skip71
\largeurlogovert=\skip72
\hauteurlogovert=\skip73
\largeurlogohori=\skip74
\distancetitrelogo=\skip75
\separationlogotrait=\skip76
\largeurminipage=\skip77
\distancetitrecorps=\skip78
\largeurtitreentete=\skip79
\decalageverticalentete=\skip80
) (C:\Users\keyva\AppData\Local\Programs\MiKTeX\tex/generic/babel\babel.sty
Package: babel 2026/02/14 v26.3 The multilingual framework for LuaLaTeX, pdfLaT
eX and XeLaTeX
\babel@savecnt=\count289
LaTeX Encoding Info:    Redeclaring text command \ij (encoding OT1) on input li
ne 2078.
LaTeX Encoding Info:    Redeclaring text command \IJ (encoding OT1) on input li
ne 2080.
LaTeX Encoding Info:    Redeclaring text command \ij (encoding T1) on input lin
e 2082.
LaTeX Encoding Info:    Redeclaring text command \IJ (encoding T1) on input lin
e 2083.
LaTeX Encoding Info:    Ignoring declaration for text command \ij (encoding ?) 
on input line 2084.
LaTeX Encoding Info:    Ignoring declaration for text command \IJ (encoding ?) 
on input line 2086.
LaTeX Encoding Info:    Ignoring declaration for text command \SS (encoding ?) 
on input line 2111.
\U@D=\dimen166
\l@unhyphenated=\language79

(C:\Users\keyva\AppData\Local\Programs\MiKTeX\tex/generic/babel\txtbabel.def)
\bbl@readstream=\read2
\bbl@dirlevel=\count290
Package babel Info: Configuration files are deprecated, as
(babel)             they can break document portability.
(babel)             Reported on input line 4206.

*************************************
* Local config file bblopts.cfg used
*
(C:\Users\keyva\AppData\Local\Programs\MiKTeX\tex/latex/arabi\bblopts.cfg
File: bblopts.cfg 2005/09/08 v0.1 add Arabic and Farsi to "declared" options of
 babel
)
(C:\Users\keyva\AppData\Local\Programs\MiKTeX\tex/generic/babel/locale/en\babel
-english.tex)
Package babel Info: Importing font and identification data for english
(babel)             from babel-en.ini. Reported on input line 4330.

(C:\Users\keyva\AppData\Local\Programs\MiKTeX\tex/latex/babel-english\english.l
df
Language: english 2017/06/06 v3.3r English support from the babel system
Package babel Info: Hyphen rules for 'canadian' set to \l@english
(babel)             (\language0). Reported on input line 102.
Package babel Info: Hyphen rules for 'australian' set to \l@ukenglish
(babel)             (\language73). Reported on input line 105.
Package babel Info: Hyphen rules for 'newzealand' set to \l@ukenglish
(babel)             (\language73). Reported on input line 108.
)) (C:\Users\keyva\AppData\Local\Programs\MiKTeX\tex/latex/base\fontenc.sty
Package: fontenc 2025/07/18 v2.1d Standard LaTeX package
LaTeX Font Info:    Trying to load font information for T1+lmr on input line 11
6.

(C:\Users\keyva\AppData\Local\Programs\MiKTeX\tex/latex/lm\t1lmr.fd
File: t1lmr.fd 2015/05/01 v1.6.1 Font defs for Latin Modern
))
(C:\Users\keyva\AppData\Local\Programs\MiKTeX\tex/latex/hyperref\hyperref.sty
Package: hyperref 2026-01-29 v7.01p Hypertext links for LaTeX

(C:\Users\keyva\AppData\Local\Programs\MiKTeX\tex/latex/kvsetkeys\kvsetkeys.sty
Package: kvsetkeys 2022-10-05 v1.19 Key value parser (HO)
)
(C:\Users\keyva\AppData\Local\Programs\MiKTeX\tex/generic/kvdefinekeys\kvdefine
keys.sty
Package: kvdefinekeys 2019-12-19 v1.6 Define keys (HO)
)
(C:\Users\keyva\AppData\Local\Programs\MiKTeX\tex/generic/pdfescape\pdfescape.s
ty
Package: pdfescape 2019/12/09 v1.15 Implements pdfTeX's escape features (HO)

(C:\Users\keyva\AppData\Local\Programs\MiKTeX\tex/generic/ltxcmds\ltxcmds.sty
Package: ltxcmds 2020-05-10 v1.25 LaTeX kernel commands for general use (HO)
)
(C:\Users\keyva\AppData\Local\Programs\MiKTeX\tex/generic/pdftexcmds\pdftexcmds
.sty
Package: pdftexcmds 2020-06-27 v0.33 Utility functions of pdfTeX for LuaTeX (HO
)

(C:\Users\keyva\AppData\Local\Programs\MiKTeX\tex/generic/infwarerr\infwarerr.s
ty
Package: infwarerr 2019/12/03 v1.5 Providing info/warning/error messages (HO)
)
Package pdftexcmds Info: \pdf@primitive is available.
Package pdftexcmds Info: \pdf@ifprimitive is available.
Package pdftexcmds Info: \pdfdraftmode found.
))
(C:\Users\keyva\AppData\Local\Programs\MiKTeX\tex/latex/hycolor\hycolor.sty
Package: hycolor 2020-01-27 v1.10 Color options for hyperref/bookmark (HO)
)
(C:\Users\keyva\AppData\Local\Programs\MiKTeX\tex/latex/hyperref\nameref.sty
Package: nameref 2026-01-29 v2.58 Cross-referencing by name of section

(C:\Users\keyva\AppData\Local\Programs\MiKTeX\tex/latex/refcount\refcount.sty
Package: refcount 2019/12/15 v3.6 Data extraction from label references (HO)
)
(C:\Users\keyva\AppData\Local\Programs\MiKTeX\tex/generic/gettitlestring\gettit
lestring.sty
Package: gettitlestring 2019/12/15 v1.6 Cleanup title references (HO)

(C:\Users\keyva\AppData\Local\Programs\MiKTeX\tex/latex/kvoptions\kvoptions.sty
Package: kvoptions 2022-06-15 v3.15 Key value format for package options (HO)
))
\c@section@level=\count291
)
(C:\Users\keyva\AppData\Local\Programs\MiKTeX\tex/latex/etoolbox\etoolbox.sty
Package: etoolbox 2020/10/05 v2.5k e-TeX tools for LaTeX (JAW)
\etb@tempcnta=\count292
)
(C:\Users\keyva\AppData\Local\Programs\MiKTeX\tex/generic/stringenc\stringenc.s
ty
Package: stringenc 2019/11/29 v1.12 Convert strings between diff. encodings (HO
)
)
\@linkdim=\dimen167
\Hy@linkcounter=\count293
\Hy@pagecounter=\count294
 (C:\Users\keyva\AppData\Local\Programs\MiKTeX\tex/latex/hyperref\pd1enc.def
File: pd1enc.def 2026-01-29 v7.01p Hyperref: PDFDocEncoding definition (HO)
Now handling font encoding PD1 ...
... no UTF-8 mapping file for font encoding PD1
) (C:\Users\keyva\AppData\Local\Programs\MiKTeX\tex/generic/intcalc\intcalc.sty
Package: intcalc 2019/12/15 v1.3 Expandable calculations with integers (HO)
)
\Hy@SavedSpaceFactor=\count295
 (C:\Users\keyva\AppData\Local\Programs\MiKTeX\tex/latex/hyperref\puenc.def
File: puenc.def 2026-01-29 v7.01p Hyperref: PDF Unicode definition (HO)
Now handling font encoding PU ...
... no UTF-8 mapping file for font encoding PU
)
Package hyperref Info: Hyper figures OFF on input line 4201.
Package hyperref Info: Link nesting OFF on input line 4206.
Package hyperref Info: Hyper index ON on input line 4209.
Package hyperref Info: Plain pages OFF on input line 4216.
Package hyperref Info: Backreferencing OFF on input line 4221.
Package hyperref Info: Implicit mode ON; LaTeX internals redefined.
Package hyperref Info: Bookmarks ON on input line 4468.
\c@Hy@tempcnt=\count296

(C:\Users\keyva\AppData\Local\Programs\MiKTeX\tex/latex/url\url.sty
\Urlmuskip=\muskip17
Package: url 2013/09/16  ver 3.4  Verb mode for urls, etc.
)
LaTeX Info: Redefining \url on input line 4807.
\XeTeXLinkMargin=\dimen168

(C:\Users\keyva\AppData\Local\Programs\MiKTeX\tex/generic/bitset\bitset.sty
Package: bitset 2019/12/09 v1.3 Handle bit-vector datatype (HO)

(C:\Users\keyva\AppData\Local\Programs\MiKTeX\tex/generic/bigintcalc\bigintcalc
.sty
Package: bigintcalc 2019/12/15 v1.5 Expandable calculations on big integers (HO
)
))
\Fld@menulength=\count297
\Field@Width=\dimen169
\Fld@charsize=\dimen170
Package hyperref Info: Hyper figures OFF on input line 6084.
Package hyperref Info: Link nesting OFF on input line 6089.
Package hyperref Info: Hyper index ON on input line 6092.
Package hyperref Info: backreferencing OFF on input line 6099.
Package hyperref Info: Link coloring OFF on input line 6104.
Package hyperref Info: Link coloring with OCG OFF on input line 6109.
Package hyperref Info: PDF/A mode OFF on input line 6114.
\Hy@abspage=\count298
\c@Item=\count299
\c@Hfootnote=\count300
)
Package hyperref Info: Driver (autodetected): hpdftex.

(C:\Users\keyva\AppData\Local\Programs\MiKTeX\tex/latex/hyperref\hpdftex.def
File: hpdftex.def 2026-01-29 v7.01p Hyperref driver for pdfTeX
\Fld@listcount=\count301
\c@bookmark@seq@number=\count302

(C:\Users\keyva\AppData\Local\Programs\MiKTeX\tex/latex/rerunfilecheck\rerunfil
echeck.sty
Package: rerunfilecheck 2022-07-10 v1.10 Rerun checks for auxiliary files (HO)

(C:\Users\keyva\AppData\Local\Programs\MiKTeX\tex/latex/base\atveryend-ltx.sty
Package: atveryend-ltx 2020/08/19 v1.0a Emulation of the original atveryend pac
kage
with kernel methods
)
(C:\Users\keyva\AppData\Local\Programs\MiKTeX\tex/generic/uniquecounter\uniquec
ounter.sty
Package: uniquecounter 2019/12/15 v1.4 Provide unlimited unique counter (HO)
)
Package uniquecounter Info: New unique counter `rerunfilecheck' on input line 2
85.
)
\Hy@SectionHShift=\skip81
)
(C:\Users\keyva\AppData\Local\Programs\MiKTeX\tex/latex/amsmath\amsmath.sty
Package: amsmath 2025/07/09 v2.17z AMS math features
\@mathmargin=\skip82

For additional information on amsmath, use the `?' option.
(C:\Users\keyva\AppData\Local\Programs\MiKTeX\tex/latex/amsmath\amstext.sty
Package: amstext 2024/11/17 v2.01 AMS text

(C:\Users\keyva\AppData\Local\Programs\MiKTeX\tex/latex/amsmath\amsgen.sty
File: amsgen.sty 1999/11/30 v2.0 generic functions
\@emptytoks=\toks20
\ex@=\dimen171
))
(C:\Users\keyva\AppData\Local\Programs\MiKTeX\tex/latex/amsmath\amsbsy.sty
Package: amsbsy 1999/11/29 v1.2d Bold Symbols
\pmbraise@=\dimen172
)
(C:\Users\keyva\AppData\Local\Programs\MiKTeX\tex/latex/amsmath\amsopn.sty
Package: amsopn 2022/04/08 v2.04 operator names
)
\inf@bad=\count303
LaTeX Info: Redefining \frac on input line 233.
\uproot@=\count304
\leftroot@=\count305
LaTeX Info: Redefining \overline on input line 398.
LaTeX Info: Redefining \colon on input line 409.
\classnum@=\count306
\DOTSCASE@=\count307
LaTeX Info: Redefining \ldots on input line 495.
LaTeX Info: Redefining \dots on input line 498.
LaTeX Info: Redefining \cdots on input line 619.
\Mathstrutbox@=\box54
\strutbox@=\box55
LaTeX Info: Redefining \big on input line 721.
LaTeX Info: Redefining \Big on input line 722.
LaTeX Info: Redefining \bigg on input line 723.
LaTeX Info: Redefining \Bigg on input line 724.
\big@size=\dimen173
LaTeX Font Info:    Redeclaring font encoding OML on input line 742.
LaTeX Font Info:    Redeclaring font encoding OMS on input line 743.
\macc@depth=\count308
LaTeX Info: Redefining \bmod on input line 904.
LaTeX Info: Redefining \pmod on input line 909.
LaTeX Info: Redefining \smash on input line 939.
LaTeX Info: Redefining \relbar on input line 969.
LaTeX Info: Redefining \Relbar on input line 970.
\c@MaxMatrixCols=\count309
\dotsspace@=\muskip18
\c@parentequation=\count310
\dspbrk@lvl=\count311
\tag@help=\toks21
\row@=\count312
\column@=\count313
\maxfields@=\count314
\andhelp@=\toks22
\eqnshift@=\dimen174
\alignsep@=\dimen175
\tagshift@=\dimen176
\tagwidth@=\dimen177
\totwidth@=\dimen178
\lineht@=\dimen179
\@envbody=\toks23
\multlinegap=\skip83
\multlinetaggap=\skip84
\mathdisplay@stack=\toks24
LaTeX Info: Redefining \[ on input line 2950.
LaTeX Info: Redefining \] on input line 2951.
)
(C:\Users\keyva\AppData\Local\Programs\MiKTeX\tex/latex/amsfonts\amssymb.sty
Package: amssymb 2013/01/14 v3.01 AMS font symbols

(C:\Users\keyva\AppData\Local\Programs\MiKTeX\tex/latex/amsfonts\amsfonts.sty
Package: amsfonts 2013/01/14 v3.01 Basic AMSFonts support
\symAMSa=\mathgroup4
\symAMSb=\mathgroup5
LaTeX Font Info:    Redeclaring math symbol \hbar on input line 98.
LaTeX Font Info:    Overwriting math alphabet `\mathfrak' in version `bold'
(Font)                  U/euf/m/n --> U/euf/b/n on input line 106.
)) (C:\Users\keyva\AppData\Local\Programs\MiKTeX\tex/latex/amscls\amsthm.sty
Package: amsthm 2020/05/29 v2.20.6
\thm@style=\toks25
\thm@bodyfont=\toks26
\thm@headfont=\toks27
\thm@notefont=\toks28
\thm@headpunct=\toks29
\thm@preskip=\skip85
\thm@postskip=\skip86
\thm@headsep=\skip87
\dth@everypar=\toks30
)
(C:\Users\keyva\AppData\Local\Programs\MiKTeX\tex/latex/caption\subcaption.sty
Package: subcaption 2022/01/07 v1.5 Sub-captions (AR)

(C:\Users\keyva\AppData\Local\Programs\MiKTeX\tex/latex/caption\caption.sty
Package: caption 2022/03/01 v3.6b Customizing captions (AR)

(C:\Users\keyva\AppData\Local\Programs\MiKTeX\tex/latex/caption\caption3.sty
Package: caption3 2022/03/17 v2.3b caption3 kernel (AR)
\caption@tempdima=\dimen180
\captionmargin=\dimen181
\caption@leftmargin=\dimen182
\caption@rightmargin=\dimen183
\caption@width=\dimen184
\caption@indent=\dimen185
\caption@parindent=\dimen186
\caption@hangindent=\dimen187
Package caption Info: Standard document class detected.
)
\c@caption@flags=\count315
\c@continuedfloat=\count316
Package caption Info: hyperref package is loaded.
)
\c@subfigure=\count317
\c@subtable=\count318
) (C:\Users\keyva\AppData\Local\Programs\MiKTeX\tex/latex/booktabs\booktabs.sty
Package: booktabs 2020/01/12 v1.61803398 Publication quality tables
\heavyrulewidth=\dimen188
\lightrulewidth=\dimen189
\cmidrulewidth=\dimen190
\belowrulesep=\dimen191
\belowbottomsep=\dimen192
\aboverulesep=\dimen193
\abovetopsep=\dimen194
\cmidrulesep=\dimen195
\cmidrulekern=\dimen196
\defaultaddspace=\dimen197
\@cmidla=\count319
\@cmidlb=\count320
\@aboverulesep=\dimen198
\@belowrulesep=\dimen199
\@thisruleclass=\count321
\@lastruleclass=\count322
\@thisrulewidth=\dimen256
) (C:\Users\keyva\AppData\Local\Programs\MiKTeX\tex/latex/tools\bm.sty
Package: bm 2025/10/21 v1.2g Bold Symbol Support (DPC/FMi)
\symboldoperators=\mathgroup6
\symboldletters=\mathgroup7
\symboldsymbols=\mathgroup8
Package bm Info: No bold for \OMX/lmex/m/n, using \pmb.
Package bm Info: No bold for \U/msa/m/n, using \pmb.
Package bm Info: No bold for \U/msb/m/n, using \pmb.
LaTeX Font Info:    Redeclaring math alphabet \mathbf on input line 149.
)
(C:\Users\keyva\AppData\Local\Programs\MiKTeX\tex/latex/placeins\placeins.sty
Package: placeins 2005/04/18  v 2.2
)
(C:\Users\keyva\AppData\Local\Programs\MiKTeX\tex/latex/l3backend\l3backend-pdf
tex.def
File: l3backend-pdftex.def 2022-10-26 L3 backend support: PDF output (pdfTeX)
\l__color_backend_stack_int=\count323
\l__pdf_internal_box=\box56
) (main.aux)
\openout1 = `main.aux'.

LaTeX Font Info:    Checking defaults for OML/cmm/m/it on input line 32.
LaTeX Font Info:    ... okay on input line 32.
LaTeX Font Info:    Checking defaults for OMS/cmsy/m/n on input line 32.
LaTeX Font Info:    ... okay on input line 32.
LaTeX Font Info:    Checking defaults for OT1/cmr/m/n on input line 32.
LaTeX Font Info:    ... okay on input line 32.
LaTeX Font Info:    Checking defaults for T1/cmr/m/n on input line 32.
LaTeX Font Info:    ... okay on input line 32.
LaTeX Font Info:    Checking defaults for TS1/cmr/m/n on input line 32.
LaTeX Font Info:    ... okay on input line 32.
LaTeX Font Info:    Checking defaults for OMX/cmex/m/n on input line 32.
LaTeX Font Info:    ... okay on input line 32.
LaTeX Font Info:    Checking defaults for U/cmr/m/n on input line 32.
LaTeX Font Info:    ... okay on input line 32.
LaTeX Font Info:    Checking defaults for PD1/pdf/m/n on input line 32.
LaTeX Font Info:    ... okay on input line 32.
LaTeX Font Info:    Checking defaults for PU/pdf/m/n on input line 32.
LaTeX Font Info:    ... okay on input line 32.

(C:\Users\keyva\AppData\Local\Programs\MiKTeX\tex/context/base/mkii\supp-pdf.mk
ii
[Loading MPS to PDF converter (version 2006.09.02).]
\scratchcounter=\count324
\scratchdimen=\dimen257
\scratchbox=\box57
\nofMPsegments=\count325
\nofMParguments=\count326
\everyMPshowfont=\toks31
\MPscratchCnt=\count327
\MPscratchDim=\dimen258
\MPnumerator=\count328
\makeMPintoPDFobject=\count329
\everyMPtoPDFconversion=\toks32
)
(C:\Users\keyva\AppData\Local\Programs\MiKTeX\tex/latex/epstopdf-pkg\epstopdf-b
ase.sty
Package: epstopdf-base 2020-01-24 v2.11 Base part for package epstopdf

(C:\Users\keyva\AppData\Local\Programs\MiKTeX\tex/latex/grfext\grfext.sty
Package: grfext 2019/12/03 v1.3 Manage graphics extensions (HO)
)
Package epstopdf-base Info: Redefining graphics rule for `.eps' on input line 4
85.
Package grfext Info: Graphics extension search list:
(grfext)             [.pdf,.png,.jpg,.mps,.jpeg,.jbig2,.jb2,.PDF,.PNG,.JPG,.JPE
G,.JBIG2,.JB2,.eps]
(grfext)             \AppendGraphicsExtensions on input line 504.

(C:\Users\keyva\AppData\Local\Programs\MiKTeX\tex/latex/00miktex\epstopdf-sys.c
fg
File: epstopdf-sys.cfg 2021/03/18 v2.0 Configuration of epstopdf for MiKTeX
))
*geometry* driver: auto-detecting
*geometry* detected driver: pdftex
*geometry* verbose mode - [ preamble ] result:
* driver: pdftex
* paper: a4paper
* layout: <same size as paper>
* layoutoffset:(h,v)=(0.0pt,0.0pt)
* modes: 
* h-part:(L,W,R)=(56.9055pt, 483.69687pt, 56.9055pt)
* v-part:(T,H,B)=(113.81102pt, 631.65118pt, 99.58464pt)
* \paperwidth=597.50787pt
* \paperheight=845.04684pt
* \textwidth=483.69687pt
* \textheight=631.65118pt
* \oddsidemargin=-15.36449pt
* \evensidemargin=-15.36449pt
* \topmargin=-69.4247pt
* \headheight=76.82243pt
* \headsep=34.1433pt
* \topskip=10.0pt
* \footskip=49.79231pt
* \marginparwidth=57.0pt
* \marginparsep=11.0pt
* \columnsep=10.0pt
* \skip\footins=9.0pt plus 4.0pt minus 2.0pt
* \hoffset=0.0pt
* \voffset=0.0pt
* \mag=1000
* \@twocolumnfalse
* \@twosidefalse
* \@mparswitchfalse
* \@reversemarginfalse
* (1in=72.27pt=25.4mm, 1cm=28.453pt)

Package hyperref Info: Link coloring OFF on input line 32.
(main.out) (main.out)
\@outlinefile=\write3
\openout3 = `main.out'.

Package caption Info: Begin \AtBeginDocument code.
Package caption Info: End \AtBeginDocument code.
<polytechnique-armes.pdf, id=99, 195.20929pt x 257.65259pt>
File: polytechnique-armes.pdf Graphic file (type pdf)
<use polytechnique-armes.pdf>
Package pdftex.def Info: polytechnique-armes.pdf  used on input line 34.
(pdftex.def)             Requested size: 268.93037pt x 354.92172pt.
LaTeX Font Info:    Trying to load font information for T1+lmss on input line 3
4.

(C:\Users\keyva\AppData\Local\Programs\MiKTeX\tex/latex/lm\t1lmss.fd
File: t1lmss.fd 2015/05/01 v1.6.1 Font defs for Latin Modern
)
LaTeX Info: Redefining \\ on input line 34.
<polytechnique-filetcourt.pdf, id=100, 28.40613pt x 2.1681pt>
File: polytechnique-filetcourt.pdf Graphic file (type pdf)
<use polytechnique-filetcourt.pdf>
Package pdftex.def Info: polytechnique-filetcourt.pdf  used on input line 34.
(pdftex.def)             Requested size: 28.40604pt x 2.16808pt.
LaTeX Font Info:    Trying to load font information for OT1+lmr on input line 3
4.

(C:\Users\keyva\AppData\Local\Programs\MiKTeX\tex/latex/lm\ot1lmr.fd
File: ot1lmr.fd 2015/05/01 v1.6.1 Font defs for Latin Modern
)
LaTeX Font Info:    Trying to load font information for OML+lmm on input line 3
4.

(C:\Users\keyva\AppData\Local\Programs\MiKTeX\tex/latex/lm\omllmm.fd
File: omllmm.fd 2015/05/01 v1.6.1 Font defs for Latin Modern
)
LaTeX Font Info:    Trying to load font information for OMS+lmsy on input line 
34.

(C:\Users\keyva\AppData\Local\Programs\MiKTeX\tex/latex/lm\omslmsy.fd
File: omslmsy.fd 2015/05/01 v1.6.1 Font defs for Latin Modern
)
LaTeX Font Info:    Trying to load font information for OMX+lmex on input line 
34.

(C:\Users\keyva\AppData\Local\Programs\MiKTeX\tex/latex/lm\omxlmex.fd
File: omxlmex.fd 2015/05/01 v1.6.1 Font defs for Latin Modern
)
LaTeX Font Info:    External font `lmex10' loaded for size
(Font)              <14.4> on input line 34.
LaTeX Font Info:    External font `lmex10' loaded for size
(Font)              <10> on input line 34.
LaTeX Font Info:    External font `lmex10' loaded for size
(Font)              <7> on input line 34.
LaTeX Font Info:    Trying to load font information for U+msa on input line 34.


(C:\Users\keyva\AppData\Local\Programs\MiKTeX\tex/latex/amsfonts\umsa.fd
File: umsa.fd 2013/01/14 v3.01 AMS symbols A
)
LaTeX Font Info:    Trying to load font information for U+msb on input line 34.


(C:\Users\keyva\AppData\Local\Programs\MiKTeX\tex/latex/amsfonts\umsb.fd
File: umsb.fd 2013/01/14 v3.01 AMS symbols B
)
<polytechnique-logohori.pdf, id=101, 625.50987pt x 227.64648pt>
File: polytechnique-logohori.pdf Graphic file (type pdf)
<use polytechnique-logohori.pdf>
Package pdftex.def Info: polytechnique-logohori.pdf  used on input line 34.
(pdftex.def)             Requested size: 158.68044pt x 57.74861pt.
<logodescartes.png, id=102, 301.125pt x 95.35625pt>
File: logodescartes.png Graphic file (type png)
<use logodescartes.png>
Package pdftex.def Info: logodescartes.png  used on input line 34.
(pdftex.def)             Requested size: 158.68571pt x 50.25046pt.

Overfull \hbox (45.23792pt too wide) in paragraph at lines 34--34
 []$ 
 []

[1

{C:/Users/keyva/AppData/Local/MiKTeX/fonts/map/pdftex/pdftex.map}{C:/Users/keyv
a/AppData/Local/Programs/MiKTeX/fonts/enc/dvips/lm/lm-ec.enc} <./polytechnique-
armes.pdf> <./polytechnique-filetcourt.pdf> <./polytechnique-logohori.pdf> <./l
ogodescartes.png>] (main.toc
LaTeX Font Info:    External font `lmex10' loaded for size
(Font)              <5> on input line 4.
)
\tf@toc=\write4
\openout4 = `main.toc'.


Underfull \hbox (badness 2310) has occurred while \output is active
[][]\T1/lmr/m/sc/10 Learning La-tent Rep-re-sen-ta-tions for Neu-ral
 []

File: polytechnique-logohori.pdf Graphic file (type pdf)
<use polytechnique-logohori.pdf>
Package pdftex.def Info: polytechnique-logohori.pdf  used on input line 35.
(pdftex.def)             Requested size: 156.35799pt x 56.90453pt.
[2

{C:/Users/keyva/AppData/Local/Programs/MiKTeX/fonts/enc/dvips/lm/lm-mathit.enc}
{C:/Users/keyva/AppData/Local/Programs/MiKTeX/fonts/enc/dvips/lm/lm-mathsy.enc}
]
Underfull \hbox (badness 2310) has occurred while \output is active
[][]\T1/lmr/m/sc/10 Learning La-tent Rep-re-sen-ta-tions for Neu-ral
 []

File: polytechnique-logohori.pdf Graphic file (type pdf)
<use polytechnique-logohori.pdf>
Package pdftex.def Info: polytechnique-logohori.pdf  used on input line 54.
(pdftex.def)             Requested size: 156.35799pt x 56.90453pt.
[3{C:/Users/keyva/AppData/Local/Programs/MiKTeX/fonts/enc/dvips/lm/lm-rm.enc}]
<../../plots/dataset_preview.png, id=189, 867.24pt x 505.89pt>
File: ../../plots/dataset_preview.png Graphic file (type png)
<use ../../plots/dataset_preview.png>
Package pdftex.def Info: ../../plots/dataset_preview.png  used on input line 73
.
(pdftex.def)             Requested size: 396.63496pt x 231.36906pt.

Underfull \hbox (badness 2310) has occurred while \output is active
[][]\T1/lmr/m/sc/10 Learning La-tent Rep-re-sen-ta-tions for Neu-ral
 []

File: polytechnique-logohori.pdf Graphic file (type pdf)
<use polytechnique-logohori.pdf>
Package pdftex.def Info: polytechnique-logohori.pdf  used on input line 89.
(pdftex.def)             Requested size: 156.35799pt x 56.90453pt.
[4 <../../plots/dataset_preview.png>]
<../../plots/vae_l2rel_hist.png, id=203, 426.393pt x 279.444pt>
File: ../../plots/vae_l2rel_hist.png Graphic file (type png)
<use ../../plots/vae_l2rel_hist.png>
Package pdftex.def Info: ../../plots/vae_l2rel_hist.png  used on input line 129
.
(pdftex.def)             Requested size: 299.8897pt x 196.54327pt.

Underfull \hbox (badness 2310) has occurred while \output is active
[][]\T1/lmr/m/sc/10 Learning La-tent Rep-re-sen-ta-tions for Neu-ral
 []

File: polytechnique-logohori.pdf Graphic file (type pdf)
<use polytechnique-logohori.pdf>
Package pdftex.def Info: polytechnique-logohori.pdf  used on input line 136.
(pdftex.def)             Requested size: 156.35799pt x 56.90453pt.
[5{C:/Users/keyva/AppData/Local/Programs/MiKTeX/fonts/enc/dvips/lm/lm-mathex.en
c}]
<../../plots/vae_reconstruction.png, id=220, 647.0574pt x 642.7212pt>
File: ../../plots/vae_reconstruction.png Graphic file (type png)
<use ../../plots/vae_reconstruction.png>
Package pdftex.def Info: ../../plots/vae_reconstruction.png  used on input line
 139.
(pdftex.def)             Requested size: 396.64948pt x 393.99136pt.
<../../plots/vae_latent_pca.png, id=222, 1147.6476pt x 251.0178pt>
File: ../../plots/vae_latent_pca.png Graphic file (type png)
<use ../../plots/vae_latent_pca.png>
Package pdftex.def Info: ../../plots/vae_latent_pca.png  used on input line 149
.
(pdftex.def)             Requested size: 459.51054pt x 100.50491pt.
<../../plots/surrogate_l2rel_hist.png, id=225, 1292.6694pt x 284.7438pt>
File: ../../plots/surrogate_l2rel_hist.png Graphic file (type png)
<use ../../plots/surrogate_l2rel_hist.png>
Package pdftex.def Info: ../../plots/surrogate_l2rel_hist.png  used on input li
ne 178.
(pdftex.def)             Requested size: 483.69687pt x 106.54404pt.

Underfull \hbox (badness 2310) has occurred while \output is active
[][]\T1/lmr/m/sc/10 Learning La-tent Rep-re-sen-ta-tions for Neu-ral
 []

File: polytechnique-logohori.pdf Graphic file (type pdf)
<use polytechnique-logohori.pdf>
Package pdftex.def Info: polytechnique-logohori.pdf  used on input line 184.
(pdftex.def)             Requested size: 156.35799pt x 56.90453pt.
[6 <../../plots/vae_l2rel_hist.png>]
Underfull \hbox (badness 2310) has occurred while \output is active
[][]\T1/lmr/m/sc/10 Learning La-tent Rep-re-sen-ta-tions for Neu-ral
 []

File: polytechnique-logohori.pdf Graphic file (type pdf)
<use polytechnique-logohori.pdf>
Package pdftex.def Info: polytechnique-logohori.pdf  used on input line 184.
(pdftex.def)             Requested size: 156.35799pt x 56.90453pt.
[7 <../../plots/vae_reconstruction.png> <../../plots/vae_latent_pca.png>]
<../../plots/surrogate_reconstruction.png, id=245, 643.6848pt x 646.0938pt>
File: ../../plots/surrogate_reconstruction.png Graphic file (type png)
<use ../../plots/surrogate_reconstruction.png>
Package pdftex.def Info: ../../plots/surrogate_reconstruction.png  used on inpu
t line 187.
(pdftex.def)             Requested size: 396.64464pt x 398.12909pt.

Underfull \hbox (badness 2310) has occurred while \output is active
[][]\T1/lmr/m/sc/10 Learning La-tent Rep-re-sen-ta-tions for Neu-ral
 []

File: polytechnique-logohori.pdf Graphic file (type pdf)
<use polytechnique-logohori.pdf>
Package pdftex.def Info: polytechnique-logohori.pdf  used on input line 199.
(pdftex.def)             Requested size: 156.35799pt x 56.90453pt.
[8 <../../plots/surrogate_l2rel_hist.png>]
Underfull \hbox (badness 2310) has occurred while \output is active
[][]\T1/lmr/m/sc/10 Learning La-tent Rep-re-sen-ta-tions for Neu-ral
 []

File: polytechnique-logohori.pdf Graphic file (type pdf)
<use polytechnique-logohori.pdf>
Package pdftex.def Info: polytechnique-logohori.pdf  used on input line 199.
(pdftex.def)             Requested size: 156.35799pt x 56.90453pt.
[9 <../../plots/surrogate_reconstruction.png>]
<../../plots/ch4_dataset_timeseries.png, id=260, 1026.7158pt x 286.1892pt>
File: ../../plots/ch4_dataset_timeseries.png Graphic file (type png)
<use ../../plots/ch4_dataset_timeseries.png>
Package pdftex.def Info: ../../plots/ch4_dataset_timeseries.png  used on input 
line 216.
(pdftex.def)             Requested size: 459.51054pt x 128.08524pt.

Underfull \hbox (badness 2310) has occurred while \output is active
[][]\T1/lmr/m/sc/10 Learning La-tent Rep-re-sen-ta-tions for Neu-ral
 []

File: polytechnique-logohori.pdf Graphic file (type pdf)
<use polytechnique-logohori.pdf>
Package pdftex.def Info: polytechnique-logohori.pdf  used on input line 233.
(pdftex.def)             Requested size: 156.35799pt x 56.90453pt.
[10 <../../plots/ch4_dataset_timeseries.png>]
<../../plots/svd_convergence.png, id=271, 578.16pt x 289.08pt>
File: ../../plots/svd_convergence.png Graphic file (type png)
<use ../../plots/svd_convergence.png>
Package pdftex.def Info: ../../plots/svd_convergence.png  used on input line 27
0.
(pdftex.def)             Requested size: 232.17242pt x 116.08427pt.
LaTeX Font Info:    External font `lmex10' loaded for size
(Font)              <9> on input line 271.
LaTeX Font Info:    External font `lmex10' loaded for size
(Font)              <6> on input line 271.
<../../plots/SVDSurrogate_l2rel_hist.png, id=272, 618.1494pt x 351.2322pt>
File: ../../plots/SVDSurrogate_l2rel_hist.png Graphic file (type png)
<use ../../plots/SVDSurrogate_l2rel_hist.png>
Package pdftex.def Info: ../../plots/SVDSurrogate_l2rel_hist.png  used on input
 line 276.
(pdftex.def)             Requested size: 232.17242pt x 131.92076pt.

Underfull \hbox (badness 2310) has occurred while \output is active
[][]\T1/lmr/m/sc/10 Learning La-tent Rep-re-sen-ta-tions for Neu-ral
 []

File: polytechnique-logohori.pdf Graphic file (type pdf)
<use polytechnique-logohori.pdf>
Package pdftex.def Info: polytechnique-logohori.pdf  used on input line 286.
(pdftex.def)             Requested size: 156.35799pt x 56.90453pt.
[11]
<../../plots/LaplaceSVDModel_svd_error_ksvd100.png, id=286, 722.7pt x 289.08pt>

File: ../../plots/LaplaceSVDModel_svd_error_ksvd100.png Graphic file (type png)

<use ../../plots/LaplaceSVDModel_svd_error_ksvd100.png>
Package pdftex.def Info: ../../plots/LaplaceSVDModel_svd_error_ksvd100.png  use
d on input line 299.
(pdftex.def)             Requested size: 314.40001pt x 125.7576pt.

Underfull \hbox (badness 2310) has occurred while \output is active
[][]\T1/lmr/m/sc/10 Learning La-tent Rep-re-sen-ta-tions for Neu-ral
 []

File: polytechnique-logohori.pdf Graphic file (type pdf)
<use polytechnique-logohori.pdf>
Package pdftex.def Info: polytechnique-logohori.pdf  used on input line 309.
(pdftex.def)             Requested size: 156.35799pt x 56.90453pt.
[12 <../../plots/svd_convergence.png> <../../plots/SVDSurrogate_l2rel_hist.png>
]
Underfull \hbox (badness 2310) has occurred while \output is active
[][]\T1/lmr/m/sc/10 Learning La-tent Rep-re-sen-ta-tions for Neu-ral
 []

File: polytechnique-logohori.pdf Graphic file (type pdf)
<use polytechnique-logohori.pdf>
Package pdftex.def Info: polytechnique-logohori.pdf  used on input line 330.
(pdftex.def)             Requested size: 156.35799pt x 56.90453pt.
[13 <../../plots/LaplaceSVDModel_svd_error_ksvd100.png>]
<../../plots/LaplaceAE_l2rel.png, id=311, 2537.48pt x 1332.98pt>
File: ../../plots/LaplaceAE_l2rel.png Graphic file (type png)
<use ../../plots/LaplaceAE_l2rel.png>
Package pdftex.def Info: ../../plots/LaplaceAE_l2rel.png  used on input line 33
8.
(pdftex.def)             Requested size: 314.40001pt x 165.15764pt.
<../../plots/ae_study_frequency_error.png, id=313, 860.4948pt x 353.6412pt>
File: ../../plots/ae_study_frequency_error.png Graphic file (type png)
<use ../../plots/ae_study_frequency_error.png>
Package pdftex.def Info: ../../plots/ae_study_frequency_error.png  used on inpu
t line 348.
(pdftex.def)             Requested size: 362.77264pt x 149.08948pt.
LaTeX Font Info:    Trying to load font information for TS1+lmr on input line 3
55.

(C:\Users\keyva\AppData\Local\Programs\MiKTeX\tex/latex/lm\ts1lmr.fd
File: ts1lmr.fd 2015/05/01 v1.6.1 Font defs for Latin Modern
)
Underfull \hbox (badness 2310) has occurred while \output is active
[][]\T1/lmr/m/sc/10 Learning La-tent Rep-re-sen-ta-tions for Neu-ral
 []

File: polytechnique-logohori.pdf Graphic file (type pdf)
<use polytechnique-logohori.pdf>
Package pdftex.def Info: polytechnique-logohori.pdf  used on input line 357.
(pdftex.def)             Requested size: 156.35799pt x 56.90453pt.
[14{C:/Users/keyva/AppData/Local/Programs/MiKTeX/fonts/enc/dvips/lm/lm-ts1.enc}
 <../../plots/LaplaceAE_l2rel.png> <../../plots/ae_study_frequency_error.png>]
<../../plots/ae_study_temporal_error.png, id=327, 715.9548pt x 353.1594pt>
File: ../../plots/ae_study_temporal_error.png Graphic file (type png)
<use ../../plots/ae_study_temporal_error.png>
Package pdftex.def Info: ../../plots/ae_study_temporal_error.png  used on input
 line 366.
(pdftex.def)             Requested size: 362.77264pt x 178.94492pt.
<../../plots/ae_study_freq_00.png, id=329, 1067.6688pt x 711.1368pt>
File: ../../plots/ae_study_freq_00.png Graphic file (type png)
<use ../../plots/ae_study_freq_00.png>
Package pdftex.def Info: ../../plots/ae_study_freq_00.png  used on input line 3
80.
(pdftex.def)             Requested size: 232.17242pt x 154.63844pt.
<../../plots/ae_study_freq_10.png, id=330, 1065.7416pt x 711.6186pt>
File: ../../plots/ae_study_freq_10.png Graphic file (type png)
<use ../../plots/ae_study_freq_10.png>
Package pdftex.def Info: ../../plots/ae_study_freq_10.png  used on input line 3
86.
(pdftex.def)             Requested size: 232.17242pt x 155.02554pt.
<../../plots/ae_study_freq_20.png, id=331, 1065.7416pt x 711.6186pt>
File: ../../plots/ae_study_freq_20.png Graphic file (type png)
<use ../../plots/ae_study_freq_20.png>
Package pdftex.def Info: ../../plots/ae_study_freq_20.png  used on input line 3
93.
(pdftex.def)             Requested size: 232.17242pt x 155.02554pt.

Underfull \hbox (badness 2310) has occurred while \output is active
[][]\T1/lmr/m/sc/10 Learning La-tent Rep-re-sen-ta-tions for Neu-ral
 []

File: polytechnique-logohori.pdf Graphic file (type pdf)
<use polytechnique-logohori.pdf>
Package pdftex.def Info: polytechnique-logohori.pdf  used on input line 402.
(pdftex.def)             Requested size: 156.35799pt x 56.90453pt.
[15 <../../plots/ae_study_temporal_error.png>]
Underfull \hbox (badness 2310) has occurred while \output is active
[][]\T1/lmr/m/sc/10 Learning La-tent Rep-re-sen-ta-tions for Neu-ral
 []

File: polytechnique-logohori.pdf Graphic file (type pdf)
<use polytechnique-logohori.pdf>
Package pdftex.def Info: polytechnique-logohori.pdf  used on input line 402.
(pdftex.def)             Requested size: 156.35799pt x 56.90453pt.
[16 <../../plots/ae_study_freq_00.png> <../../plots/ae_study_freq_10.png> <../.
./plots/ae_study_freq_20.png>]
<../../plots/LaplaceLatentSurrogate_Nt150_loss.png, id=353, 2537.48pt x 1332.98
pt>
File: ../../plots/LaplaceLatentSurrogate_Nt150_loss.png Graphic file (type png)

<use ../../plots/LaplaceLatentSurrogate_Nt150_loss.png>
Package pdftex.def Info: ../../plots/LaplaceLatentSurrogate_Nt150_loss.png  use
d on input line 419.
(pdftex.def)             Requested size: 232.17242pt x 121.9563pt.
<../../plots/LaplaceLatentSurrogate_Nt150_l2rel_U.png, id=354, 2537.48pt x 1332
.98pt>
File: ../../plots/LaplaceLatentSurrogate_Nt150_l2rel_U.png Graphic file (type p
ng)
<use ../../plots/LaplaceLatentSurrogate_Nt150_l2rel_U.png>
Package pdftex.def Info: ../../plots/LaplaceLatentSurrogate_Nt150_l2rel_U.png  
used on input line 426.
(pdftex.def)             Requested size: 232.17242pt x 121.9563pt.
<../../plots/laplacelatentmodel_l2rel_hist.png, id=356, 624.4128pt x 351.2322pt
>
File: ../../plots/laplacelatentmodel_l2rel_hist.png Graphic file (type png)
<use ../../plots/laplacelatentmodel_l2rel_hist.png>
Package pdftex.def Info: ../../plots/laplacelatentmodel_l2rel_hist.png  used on
 input line 438.
(pdftex.def)             Requested size: 314.40001pt x 176.84831pt.

Underfull \hbox (badness 2310) has occurred while \output is active
[][]\T1/lmr/m/sc/10 Learning La-tent Rep-re-sen-ta-tions for Neu-ral
 []

File: polytechnique-logohori.pdf Graphic file (type pdf)
<use polytechnique-logohori.pdf>
Package pdftex.def Info: polytechnique-logohori.pdf  used on input line 446.
(pdftex.def)             Requested size: 156.35799pt x 56.90453pt.
[17]
Underfull \hbox (badness 2310) has occurred while \output is active
[][]\T1/lmr/m/sc/10 Learning La-tent Rep-re-sen-ta-tions for Neu-ral
 []

File: polytechnique-logohori.pdf Graphic file (type pdf)
<use polytechnique-logohori.pdf>
Package pdftex.def Info: polytechnique-logohori.pdf  used on input line 446.
(pdftex.def)             Requested size: 156.35799pt x 56.90453pt.
[18 <../../plots/LaplaceLatentSurrogate_Nt150_loss.png> <../../plots/LaplaceLat
entSurrogate_Nt150_l2rel_U.png> <../../plots/laplacelatentmodel_l2rel_hist.png>
]
<../../plots/LaplaceLatentModel_finetune_e2e.png, id=376, 2537.48pt x 1332.98pt
>
File: ../../plots/LaplaceLatentModel_finetune_e2e.png Graphic file (type png)
<use ../../plots/LaplaceLatentModel_finetune_e2e.png>
Package pdftex.def Info: ../../plots/LaplaceLatentModel_finetune_e2e.png  used 
on input line 449.
(pdftex.def)             Requested size: 314.40001pt x 165.15764pt.
<../../plots/laplacelatentmodel_finetuned_l2rel_hist.png, id=378, 624.4128pt x 
351.2322pt>
File: ../../plots/laplacelatentmodel_finetuned_l2rel_hist.png Graphic file (typ
e png)
<use ../../plots/laplacelatentmodel_finetuned_l2rel_hist.png>
Package pdftex.def Info: ../../plots/laplacelatentmodel_finetuned_l2rel_hist.pn
g  used on input line 458.
(pdftex.def)             Requested size: 314.40001pt x 176.84831pt.

Underfull \hbox (badness 2310) has occurred while \output is active
[][]\T1/lmr/m/sc/10 Learning La-tent Rep-re-sen-ta-tions for Neu-ral
 []

File: polytechnique-logohori.pdf Graphic file (type pdf)
<use polytechnique-logohori.pdf>
Package pdftex.def Info: polytechnique-logohori.pdf  used on input line 465.
(pdftex.def)             Requested size: 156.35799pt x 56.90453pt.
[19 <../../plots/LaplaceLatentModel_finetune_e2e.png> <../../plots/laplacelaten
tmodel_finetuned_l2rel_hist.png>]
<../../plots/CorrectionAE_l2rel.png, id=389, 2537.48pt x 1332.98pt>
File: ../../plots/CorrectionAE_l2rel.png Graphic file (type png)
<use ../../plots/CorrectionAE_l2rel.png>
Package pdftex.def Info: ../../plots/CorrectionAE_l2rel.png  used on input line
 496.
(pdftex.def)             Requested size: 314.40001pt x 165.15764pt.
<../../plots/correctionae_unet_l2rel_hist.png, id=391, 618.1494pt x 351.2322pt>

File: ../../plots/correctionae_unet_l2rel_hist.png Graphic file (type png)
<use ../../plots/correctionae_unet_l2rel_hist.png>
Package pdftex.def Info: ../../plots/correctionae_unet_l2rel_hist.png  used on 
input line 507.
(pdftex.def)             Requested size: 314.40001pt x 178.6437pt.
<../../plots/benchmark_l2rel.png, id=392, 860.4948pt x 426.393pt>
File: ../../plots/benchmark_l2rel.png Graphic file (type png)
<use ../../plots/benchmark_l2rel.png>
Package pdftex.def Info: ../../plots/benchmark_l2rel.png  used on input line 51
4.
(pdftex.def)             Requested size: 362.77264pt x 179.76048pt.

Underfull \hbox (badness 2310) has occurred while \output is active
[][]\T1/lmr/m/sc/10 Learning La-tent Rep-re-sen-ta-tions for Neu-ral
 []

File: polytechnique-logohori.pdf Graphic file (type pdf)
<use polytechnique-logohori.pdf>
Package pdftex.def Info: polytechnique-logohori.pdf  used on input line 537.
(pdftex.def)             Requested size: 156.35799pt x 56.90453pt.
[20]
Underfull \hbox (badness 2310) has occurred while \output is active
[][]\T1/lmr/m/sc/10 Learning La-tent Rep-re-sen-ta-tions for Neu-ral
 []

File: polytechnique-logohori.pdf Graphic file (type pdf)
<use polytechnique-logohori.pdf>
Package pdftex.def Info: polytechnique-logohori.pdf  used on input line 537.
(pdftex.def)             Requested size: 156.35799pt x 56.90453pt.
[21 <../../plots/CorrectionAE_l2rel.png> <../../plots/correctionae_unet_l2rel_h
ist.png> <../../plots/benchmark_l2rel.png>]
Underfull \hbox (badness 2310) has occurred while \output is active
[][]\T1/lmr/m/sc/10 Learning La-tent Rep-re-sen-ta-tions for Neu-ral
 []

File: polytechnique-logohori.pdf Graphic file (type pdf)
<use polytechnique-logohori.pdf>
Package pdftex.def Info: polytechnique-logohori.pdf  used on input line 546.
(pdftex.def)             Requested size: 156.35799pt x 56.90453pt.
[22]
LaTeX Font Info:    Trying to load font information for T1+lmtt on input line 5
61.
 (C:\Users\keyva\AppData\Local\Programs\MiKTeX\tex/latex/lm\t1lmtt.fd
File: t1lmtt.fd 2015/05/01 v1.6.1 Font defs for Latin Modern
)
Underfull \hbox (badness 2310) has occurred while \output is active
[][]\T1/lmr/m/sc/10 Learning La-tent Rep-re-sen-ta-tions for Neu-ral
 []

File: polytechnique-logohori.pdf Graphic file (type pdf)
<use polytechnique-logohori.pdf>
Package pdftex.def Info: polytechnique-logohori.pdf  used on input line 605.
(pdftex.def)             Requested size: 156.35799pt x 56.90453pt.
[23] (main.aux)
 ***********
LaTeX2e <2025-11-01>
L3 programming layer <2026-01-19>
 ***********


LaTeX Warning: Label(s) may have changed. Rerun to get cross-references right.

Package rerunfilecheck Info: File `main.out' has not changed.
(rerunfilecheck)             Checksum: DC356029272C0C72BD014B2B4811A5F0;4287.
 ) 
Here is how much of TeX's memory you used:
 14997 strings out of 468040
 245205 string characters out of 5432828
 673330 words of memory out of 5000000
 43345 multiletter control sequences out of 15000+600000
 722632 words of font info for 108 fonts, out of 8000000 for 9000
 1141 hyphenation exceptions out of 8191
 75i,12n,79p,1653b,604s stack positions out of 10000i,1000n,20000p,200000b,200000s
<C:/Users/keyva/AppData/Local/Programs/MiKTeX/fonts/type1/public/lm/lmbx10.pf
b><C:/Users/keyva/AppData/Local/Programs/MiKTeX/fonts/type1/public/lm/lmbx12.pf
b><C:/Users/keyva/AppData/Local/Programs/MiKTeX/fonts/type1/public/lm/lmcsc10.p
fb><C:/Users/keyva/AppData/Local/Programs/MiKTeX/fonts/type1/public/lm/lmex10.p
fb><C:/Users/keyva/AppData/Local/Programs/MiKTeX/fonts/type1/public/lm/lmmi10.p
fb><C:/Users/keyva/AppData/Local/Programs/MiKTeX/fonts/type1/public/lm/lmmi5.pf
b><C:/Users/keyva/AppData/Local/Programs/MiKTeX/fonts/type1/public/lm/lmmi6.pfb
><C:/Users/keyva/AppData/Local/Programs/MiKTeX/fonts/type1/public/lm/lmmi7.pfb>
<C:/Users/keyva/AppData/Local/Programs/MiKTeX/fonts/type1/public/lm/lmmi9.pfb><
C:/Users/keyva/AppData/Local/Programs/MiKTeX/fonts/type1/public/lm/lmmib10.pfb>
<C:/Users/keyva/AppData/Local/Programs/MiKTeX/fonts/type1/public/lm/lmr10.pfb><
C:/Users/keyva/AppData/Local/Programs/MiKTeX/fonts/type1/public/lm/lmr12.pfb><C
:/Users/keyva/AppData/Local/Programs/MiKTeX/fonts/type1/public/lm/lmr5.pfb><C:/
Users/keyva/AppData/Local/Programs/MiKTeX/fonts/type1/public/lm/lmr6.pfb><C:/Us
ers/keyva/AppData/Local/Programs/MiKTeX/fonts/type1/public/lm/lmr7.pfb><C:/User
s/keyva/AppData/Local/Programs/MiKTeX/fonts/type1/public/lm/lmr9.pfb><C:/Users/
keyva/AppData/Local/Programs/MiKTeX/fonts/type1/public/lm/lmri10.pfb><C:/Users/
keyva/AppData/Local/Programs/MiKTeX/fonts/type1/public/lm/lmss12.pfb><C:/Users/
keyva/AppData/Local/Programs/MiKTeX/fonts/type1/public/lm/lmssbx10.pfb><C:/User
s/keyva/AppData/Local/Programs/MiKTeX/fonts/type1/public/lm/lmsy10.pfb><C:/User
s/keyva/AppData/Local/Programs/MiKTeX/fonts/type1/public/lm/lmsy5.pfb><C:/Users
/keyva/AppData/Local/Programs/MiKTeX/fonts/type1/public/lm/lmsy7.pfb><C:/Users/
keyva/AppData/Local/Programs/MiKTeX/fonts/type1/public/lm/lmtt10.pfb><C:/Users/
keyva/AppData/Local/Programs/MiKTeX/fonts/type1/public/amsfonts/symbols/msbm10.
pfb>
Output written on main.pdf (23 pages, 4707368 bytes).
PDF statistics:
 556 PDF objects out of 1000 (max. 8388607)
 108 named destinations out of 1000 (max. 500000)
 333 words of extra memory for PDF output out of 10000 (max. 10000000)

